This is pdfTeX, Version 3.141592653-2.6-1.40.26 (MiKTeX 24.4) (preloaded format=pdflatex 2024.5.1)  9 MAY 2024 12:31
entering extended mode
 restricted \write18 enabled.
 file:line:error style messages enabled.
 %&-line parsing enabled.
**"d:/Meus Documentos/TCC_IFPE/00_CONF/00_pacotes.tex"
(d:/Meus Documentos/TCC_IFPE/00_CONF/00_pacotes.tex
LaTeX2e <2023-11-01> patch level 1
L3 programming layer <2024-03-14>

d:/Meus Documentos/TCC_IFPE/00_CONF/00_pacotes.tex:10: LaTeX Error: \usepackage before \documentclass.

See the LaTeX manual or LaTeX Companion for explanation.
Type  H <return>  for immediate help.
 ...                                              
                                                  
l.10 \usepackage[utf8]{
                       inputenc}  % Permite a entrada de caracteres UTF-8 (a...
\usepackage may only appear in the document preamble, i.e.,
between \documentclass and \begin{document}.


d:/Meus Documentos/TCC_IFPE/00_CONF/00_pacotes.tex:11: LaTeX Error: \usepackage before \documentclass.

See the LaTeX manual or LaTeX Companion for explanation.
Type  H <return>  for immediate help.
 ...                                              
                                                  
l.11 ...ge[left=3cm,top=3cm,right=2cm,bottom=2cm]{
                                                  geometry}  % Define as mar...
\usepackage may only appear in the document preamble, i.e.,
between \documentclass and \begin{document}.


d:/Meus Documentos/TCC_IFPE/00_CONF/00_pacotes.tex:12: LaTeX Error: \usepackage before \documentclass.

See the LaTeX manual or LaTeX Companion for explanation.
Type  H <return>  for immediate help.
 ...                                              
                                                  
l.12 \usepackage[brazil]{
                         babel}  % Localização e hifenização para o port...
\usepackage may only appear in the document preamble, i.e.,
between \documentclass and \begin{document}.


d:/Meus Documentos/TCC_IFPE/00_CONF/00_pacotes.tex:13: LaTeX Error: \usepackage before \documentclass.

See the LaTeX manual or LaTeX Companion for explanation.
Type  H <return>  for immediate help.
 ...                                              
                                                  
l.13 \usepackage{
                 graphicx}  % Permite a inclusão de figuras
\usepackage may only appear in the document preamble, i.e.,
between \documentclass and \begin{document}.


d:/Meus Documentos/TCC_IFPE/00_CONF/00_pacotes.tex:14: LaTeX Error: \usepackage before \documentclass.

See the LaTeX manual or LaTeX Companion for explanation.
Type  H <return>  for immediate help.
 ...                                              
                                                  
l.14 \usepackage{
                 amsmath}  % Pacote matemático da AMS (American Mathematica...
\usepackage may only appear in the document preamble, i.e.,
between \documentclass and \begin{document}.


d:/Meus Documentos/TCC_IFPE/00_CONF/00_pacotes.tex:15: LaTeX Error: \usepackage before \documentclass.

See the LaTeX manual or LaTeX Companion for explanation.
Type  H <return>  for immediate help.
 ...                                              
                                                  
l.15 \usepackage{
                 amsfonts}  % Fontes matemáticas da AMS
\usepackage may only appear in the document preamble, i.e.,
between \documentclass and \begin{document}.


d:/Meus Documentos/TCC_IFPE/00_CONF/00_pacotes.tex:16: LaTeX Error: \usepackage before \documentclass.

See the LaTeX manual or LaTeX Companion for explanation.
Type  H <return>  for immediate help.
 ...                                              
                                                  
l.16 \usepackage{
                 amssymb}  % Símbolos matemáticos da AMS
\usepackage may only appear in the document preamble, i.e.,
between \documentclass and \begin{document}.


d:/Meus Documentos/TCC_IFPE/00_CONF/00_pacotes.tex:17: LaTeX Error: \usepackage before \documentclass.

See the LaTeX manual or LaTeX Companion for explanation.
Type  H <return>  for immediate help.
 ...                                              
                                                  
l.17 \usepackage{
                 mathtools}  % Extensão do pacote amsmath com melhorias
\usepackage may only appear in the document preamble, i.e.,
between \documentclass and \begin{document}.


d:/Meus Documentos/TCC_IFPE/00_CONF/00_pacotes.tex:18: LaTeX Error: \usepackage before \documentclass.

See the LaTeX manual or LaTeX Companion for explanation.
Type  H <return>  for immediate help.
 ...                                              
                                                  
l.18 \usepackage{
                 indentfirst}  % Adiciona recuo no primeiro parágrafo de ca...
\usepackage may only appear in the document preamble, i.e.,
between \documentclass and \begin{document}.


d:/Meus Documentos/TCC_IFPE/00_CONF/00_pacotes.tex:19: LaTeX Error: \usepackage before \documentclass.

See the LaTeX manual or LaTeX Companion for explanation.
Type  H <return>  for immediate help.
 ...                                              
                                                  
l.19 \usepackage{
                 ragged2e}  % Fornece o comando \justify para justificar texto
\usepackage may only appear in the document preamble, i.e.,
between \documentclass and \begin{document}.


d:/Meus Documentos/TCC_IFPE/00_CONF/00_pacotes.tex:20: LaTeX Error: \usepackage before \documentclass.

See the LaTeX manual or LaTeX Companion for explanation.
Type  H <return>  for immediate help.
 ...                                              
                                                  
l.20 \usepackage{
                 caption}  % Personaliza a formatação de legendas de figur...
\usepackage may only appear in the document preamble, i.e.,
between \documentclass and \begin{document}.


d:/Meus Documentos/TCC_IFPE/00_CONF/00_pacotes.tex:21: LaTeX Error: \usepackage before \documentclass.

See the LaTeX manual or LaTeX Companion for explanation.
Type  H <return>  for immediate help.
 ...                                              
                                                  
l.21 \usepackage{
                 pdfpages}  % Permite a inclusão de páginas PDF externas
\usepackage may only appear in the document preamble, i.e.,
between \documentclass and \begin{document}.


d:/Meus Documentos/TCC_IFPE/00_CONF/00_pacotes.tex:23: LaTeX Error: \usepackage before \documentclass.

See the LaTeX manual or LaTeX Companion for explanation.
Type  H <return>  for immediate help.
 ...                                              
                                                  
l.23 \usepackage{
                 fancyhdr}  % Personaliza cabeçalhos e rodapés do documento
\usepackage may only appear in the document preamble, i.e.,
between \documentclass and \begin{document}.

d:/Meus Documentos/TCC_IFPE/00_CONF/00_pacotes.tex:24: Undefined control sequence.
<argument> \undefinedpagestyle 
                               
l.24 \pagestyle{fancy}
                      
The control sequence at the end of the top line
of your error message was never \def'ed. If you have
misspelled it (e.g., `\hobx'), type `I' and the correct
spelling (e.g., `I\hbox'). Otherwise just continue,
and I'll forget about whatever was undefined.

d:/Meus Documentos/TCC_IFPE/00_CONF/00_pacotes.tex:25: Undefined control sequence.
l.25 \fancyhf
             {}
The control sequence at the end of the top line
of your error message was never \def'ed. If you have
misspelled it (e.g., `\hobx'), type `I' and the correct
spelling (e.g., `I\hbox'). Otherwise just continue,
and I'll forget about whatever was undefined.


d:/Meus Documentos/TCC_IFPE/00_CONF/00_pacotes.tex:26: LaTeX Error: Command \headrulewidth undefined.

See the LaTeX manual or LaTeX Companion for explanation.
Type  H <return>  for immediate help.
 ...                                              
                                                  
l.26 \renewcommand{\headrulewidth}
                                  {0pt}
Try typing  <return>  to proceed.
If that doesn't work, type  X <return>  to quit.

d:/Meus Documentos/TCC_IFPE/00_CONF/00_pacotes.tex:27: Undefined control sequence.
l.27 \fancyfoot
               [R]{\thepage}
The control sequence at the end of the top line
of your error message was never \def'ed. If you have
misspelled it (e.g., `\hobx'), type `I' and the correct
spelling (e.g., `I\hbox'). Otherwise just continue,
and I'll forget about whatever was undefined.


d:/Meus Documentos/TCC_IFPE/00_CONF/00_pacotes.tex:27: LaTeX Error: Missing \begin{document}.

See the LaTeX manual or LaTeX Companion for explanation.
Type  H <return>  for immediate help.
 ...                                              
                                                  
l.27 \fancyfoot[
                R]{\thepage}
You're in trouble here.  Try typing  <return>  to proceed.
If that doesn't work, type  X <return>  to quit.

Missing character: There is no [ in font nullfont!
Missing character: There is no R in font nullfont!
Missing character: There is no ] in font nullfont!
d:/Meus Documentos/TCC_IFPE/00_CONF/00_pacotes.tex:27: Undefined control sequence.
l.27 \fancyfoot[R]{\thepage
                           }
The control sequence at the end of the top line
of your error message was never \def'ed. If you have
misspelled it (e.g., `\hobx'), type `I' and the correct
spelling (e.g., `I\hbox'). Otherwise just continue,
and I'll forget about whatever was undefined.


Overfull \hbox (20.0pt too wide) in paragraph at lines 27--28
[] 
 []


d:/Meus Documentos/TCC_IFPE/00_CONF/00_pacotes.tex:29: LaTeX Error: \usepackage before \documentclass.

See the LaTeX manual or LaTeX Companion for explanation.
Type  H <return>  for immediate help.
 ...                                              
                                                  
l.29 \usepackage{
                 lipsum} % Para gerar texto de exemplo
\usepackage may only appear in the document preamble, i.e.,
between \documentclass and \begin{document}.


d:/Meus Documentos/TCC_IFPE/00_CONF/00_pacotes.tex:30: LaTeX Error: \usepackage before \documentclass.

See the LaTeX manual or LaTeX Companion for explanation.
Type  H <return>  for immediate help.
 ...                                              
                                                  
l.30 \usepackage{
                 enumerate}  % Personaliza a numeração de listas enumeradas
\usepackage may only appear in the document preamble, i.e.,
between \documentclass and \begin{document}.


d:/Meus Documentos/TCC_IFPE/00_CONF/00_pacotes.tex:31: LaTeX Error: \usepackage before \documentclass.

See the LaTeX manual or LaTeX Companion for explanation.
Type  H <return>  for immediate help.
 ...                                              
                                                  
l.31 \usepackage[skins,theorems]{
                                 tcolorbox}  % Permite a criação de caixas...
\usepackage may only appear in the document preamble, i.e.,
between \documentclass and \begin{document}.


d:/Meus Documentos/TCC_IFPE/00_CONF/00_pacotes.tex:32: LaTeX Error: \usepackage before \documentclass.

See the LaTeX manual or LaTeX Companion for explanation.
Type  H <return>  for immediate help.
 ...                                              
                                                  
l.32 \usepackage{
                 cancel}  % Permite cancelar (barrar) termos em equações
\usepackage may only appear in the document preamble, i.e.,
between \documentclass and \begin{document}.


d:/Meus Documentos/TCC_IFPE/00_CONF/00_pacotes.tex:33: LaTeX Error: \usepackage before \documentclass.

See the LaTeX manual or LaTeX Companion for explanation.
Type  H <return>  for immediate help.
 ...                                              
                                                  
l.33 \usepackage{
                 listings}  % Permite a inclusão de códigos fonte de vári...
\usepackage may only appear in the document preamble, i.e.,
between \documentclass and \begin{document}.


d:/Meus Documentos/TCC_IFPE/00_CONF/00_pacotes.tex:34: LaTeX Error: \usepackage before \documentclass.

See the LaTeX manual or LaTeX Companion for explanation.
Type  H <return>  for immediate help.
 ...                                              
                                                  
l.34 \usepackage{
                 color}  % Fornece cores para usar em documentos
\usepackage may only appear in the document preamble, i.e.,
between \documentclass and \begin{document}.


d:/Meus Documentos/TCC_IFPE/00_CONF/00_pacotes.tex:35: LaTeX Error: \usepackage before \documentclass.

See the LaTeX manual or LaTeX Companion for explanation.
Type  H <return>  for immediate help.
 ...                                              
                                                  
l.35 \usepackage{
                 times}  % Usa a fonte Times New Roman
\usepackage may only appear in the document preamble, i.e.,
between \documentclass and \begin{document}.


d:/Meus Documentos/TCC_IFPE/00_CONF/00_pacotes.tex:36: LaTeX Error: \usepackage before \documentclass.

See the LaTeX manual or LaTeX Companion for explanation.
Type  H <return>  for immediate help.
 ...                                              
                                                  
l.36 \usepackage{
                 microtype}  % Melhora o ajuste e o espaçamento de caracteres
\usepackage may only appear in the document preamble, i.e.,
between \documentclass and \begin{document}.


d:/Meus Documentos/TCC_IFPE/00_CONF/00_pacotes.tex:37: LaTeX Error: \usepackage before \documentclass.

See the LaTeX manual or LaTeX Companion for explanation.
Type  H <return>  for immediate help.
 ...                                              
                                                  
l.37 \usepackage{
                 tabularx}  % Extensão do ambiente tabular com larguras aut...
\usepackage may only appear in the document preamble, i.e.,
between \documentclass and \begin{document}.


d:/Meus Documentos/TCC_IFPE/00_CONF/00_pacotes.tex:38: LaTeX Error: \usepackage before \documentclass.

See the LaTeX manual or LaTeX Companion for explanation.
Type  H <return>  for immediate help.
 ...                                              
                                                  
l.38 \usepackage{
                 titlesec}  % Personaliza títulos de seções, capítulos, ...
\usepackage may only appear in the document preamble, i.e.,
between \documentclass and \begin{document}.


d:/Meus Documentos/TCC_IFPE/00_CONF/00_pacotes.tex:40: LaTeX Error: \usepackage before \documentclass.

See the LaTeX manual or LaTeX Companion for explanation.
Type  H <return>  for immediate help.
 ...                                              
                                                  
l.40 \usepackage{
                 siunitx}  % Permite a formatação fácil de unidades SI
\usepackage may only appear in the document preamble, i.e.,
between \documentclass and \begin{document}.


d:/Meus Documentos/TCC_IFPE/00_CONF/00_pacotes.tex:41: LaTeX Error: \usepackage before \documentclass.

See the LaTeX manual or LaTeX Companion for explanation.
Type  H <return>  for immediate help.
 ...                                              
                                                  
l.41 \usepackage{
                 physics}  % Fornece comandos úteis para notação física ...
\usepackage may only appear in the document preamble, i.e.,
between \documentclass and \begin{document}.


d:/Meus Documentos/TCC_IFPE/00_CONF/00_pacotes.tex:42: LaTeX Error: \usepackage before \documentclass.

See the LaTeX manual or LaTeX Companion for explanation.
Type  H <return>  for immediate help.
 ...                                              
                                                  
l.42 \usepackage{
                 tikz}  % Pacote para criar gráficos vetoriais
\usepackage may only appear in the document preamble, i.e.,
between \documentclass and \begin{document}.


d:/Meus Documentos/TCC_IFPE/00_CONF/00_pacotes.tex:43: LaTeX Error: \usepackage before \documentclass.

See the LaTeX manual or LaTeX Companion for explanation.
Type  H <return>  for immediate help.
 ...                                              
                                                  
l.43 \usepackage[outline]{
                          contour}  % Adiciona contornos a texto
\usepackage may only appear in the document preamble, i.e.,
between \documentclass and \begin{document}.


d:/Meus Documentos/TCC_IFPE/00_CONF/00_pacotes.tex:44: LaTeX Error: \usepackage before \documentclass.

See the LaTeX manual or LaTeX Companion for explanation.
Type  H <return>  for immediate help.
 ...                                              
                                                  
l.44 \usepackage{
                 setspace}  % Controla o espaçamento entre linhas
\usepackage may only appear in the document preamble, i.e.,
between \documentclass and \begin{document}.

)
! Emergency stop.
<*> ...Documentos/TCC_IFPE/00_CONF/00_pacotes.tex"
                                                  
*** (job aborted, no legal \end found)

 
Here is how much of TeX's memory you used:
 18 strings out of 474424
 477 string characters out of 5758155
 1925496 words of memory out of 5000000
 22465 multiletter control sequences out of 15000+600000
 558069 words of font info for 36 fonts, out of 8000000 for 9000
 1141 hyphenation exceptions out of 8191
 15i,0n,20p,150b,14s stack positions out of 10000i,1000n,20000p,200000b,200000s
!  ==> Fatal error occurred, no output PDF file produced!
